<?xml version="1.0" encoding="UTF-8"?>
<testng-results ignored="0" total="4" passed="3" failed="1" skipped="0">
  <reporter-output>
  </reporter-output>
  <suite started-at="2021-03-24T14:03:08 EDT" name="All Test Suite" finished-at="2021-03-24T14:03:43 EDT" duration-ms="35082">
    <groups>
    </groups>
    <test started-at="2021-03-24T14:03:08 EDT" name="Test-2" finished-at="2021-03-24T14:03:23 EDT" duration-ms="15258">
      <class name="academy.ValidateNavBar">
        <test-method is-config="true" signature="goToTest()[pri:0, instance:academy.ValidateNavBar@62010f5c]" started-at="2021-03-24T14:03:08 EDT" name="goToTest" finished-at="2021-03-24T14:03:22 EDT" duration-ms="14528" status="PASS">
          <reporter-output>
          </reporter-output>
        </test-method> <!-- goToTest -->
        <test-method signature="navBarTest()[pri:0, instance:academy.ValidateNavBar@62010f5c]" started-at="2021-03-24T14:03:22 EDT" name="navBarTest" finished-at="2021-03-24T14:03:22 EDT" duration-ms="70" status="PASS">
          <reporter-output>
          </reporter-output>
        </test-method> <!-- navBarTest -->
        <test-method is-config="true" signature="closeWindow()[pri:0, instance:academy.ValidateNavBar@62010f5c]" started-at="2021-03-24T14:03:22 EDT" name="closeWindow" finished-at="2021-03-24T14:03:23 EDT" duration-ms="644" status="PASS">
          <reporter-output>
          </reporter-output>
        </test-method> <!-- closeWindow -->
      </class> <!-- academy.ValidateNavBar -->
    </test> <!-- Test-2 -->
    <test started-at="2021-03-24T14:03:08 EDT" name="Test-3" finished-at="2021-03-24T14:03:24 EDT" duration-ms="16247">
      <class name="academy.ValidateTitle">
        <test-method is-config="true" signature="goToTest()[pri:0, instance:academy.ValidateTitle@7c8c9a05]" started-at="2021-03-24T14:03:08 EDT" name="goToTest" finished-at="2021-03-24T14:03:22 EDT" duration-ms="14680" status="PASS">
          <reporter-output>
          </reporter-output>
        </test-method> <!-- goToTest -->
        <test-method signature="titleTest()[pri:0, instance:academy.ValidateTitle@7c8c9a05]" started-at="2021-03-24T14:03:22 EDT" name="titleTest" finished-at="2021-03-24T14:03:22 EDT" duration-ms="36" status="FAIL">
          <exception class="java.lang.AssertionError">
            <message>
              <![CDATA[expected [true] but found [false]]]>
            </message>
            <full-stacktrace>
              <![CDATA[java.lang.AssertionError: expected [true] but found [false]
at org.testng.Assert.fail(Assert.java:99)
at org.testng.Assert.failNotEquals(Assert.java:1037)
at org.testng.Assert.assertTrue(Assert.java:45)
at org.testng.Assert.assertTrue(Assert.java:55)
at academy.ValidateTitle.titleTest(ValidateTitle.java:30)
at java.base/jdk.internal.reflect.NativeMethodAccessorImpl.invoke0(Native Method)
at java.base/jdk.internal.reflect.NativeMethodAccessorImpl.invoke(NativeMethodAccessorImpl.java:62)
at java.base/jdk.internal.reflect.DelegatingMethodAccessorImpl.invoke(DelegatingMethodAccessorImpl.java:43)
at java.base/java.lang.reflect.Method.invoke(Method.java:566)
at org.testng.internal.MethodInvocationHelper.invokeMethod(MethodInvocationHelper.java:133)
at org.testng.internal.TestInvoker.invokeMethod(TestInvoker.java:598)
at org.testng.internal.TestInvoker.invokeTestMethod(TestInvoker.java:173)
at org.testng.internal.MethodRunner.runInSequence(MethodRunner.java:46)
at org.testng.internal.TestInvoker$MethodInvocationAgent.invoke(TestInvoker.java:824)
at org.testng.internal.TestInvoker.invokeTestMethods(TestInvoker.java:146)
at org.testng.internal.TestMethodWorker.invokeTestMethods(TestMethodWorker.java:146)
at org.testng.internal.TestMethodWorker.run(TestMethodWorker.java:128)
at java.base/java.util.ArrayList.forEach(ArrayList.java:1541)
at org.testng.TestRunner.privateRun(TestRunner.java:794)
at org.testng.TestRunner.run(TestRunner.java:596)
at org.testng.SuiteRunner.runTest(SuiteRunner.java:377)
at org.testng.SuiteRunner.access$000(SuiteRunner.java:28)
at org.testng.SuiteRunner$SuiteWorker.run(SuiteRunner.java:418)
at org.testng.internal.thread.ThreadUtil.lambda$execute$0(ThreadUtil.java:64)
at java.base/java.util.concurrent.FutureTask.run(FutureTask.java:264)
at java.base/java.util.concurrent.ThreadPoolExecutor.runWorker(ThreadPoolExecutor.java:1128)
at java.base/java.util.concurrent.ThreadPoolExecutor$Worker.run(ThreadPoolExecutor.java:628)
at java.base/java.lang.Thread.run(Thread.java:834)
]]>
            </full-stacktrace>
          </exception> <!-- java.lang.AssertionError -->
          <reporter-output>
          </reporter-output>
        </test-method> <!-- titleTest -->
        <test-method is-config="true" signature="closeWindow()[pri:0, instance:academy.ValidateTitle@7c8c9a05]" started-at="2021-03-24T14:03:23 EDT" name="closeWindow" finished-at="2021-03-24T14:03:24 EDT" duration-ms="876" status="PASS">
          <reporter-output>
          </reporter-output>
        </test-method> <!-- closeWindow -->
      </class> <!-- academy.ValidateTitle -->
    </test> <!-- Test-3 -->
    <test started-at="2021-03-24T14:03:08 EDT" name="Test-1" finished-at="2021-03-24T14:03:43 EDT" duration-ms="35082">
      <class name="academy.HomePage">
        <test-method signature="basePageNavigation(java.lang.String,java.lang.String,java.lang.String)[pri:0, instance:academy.HomePage@3561c410]" started-at="2021-03-24T14:03:08 EDT" name="basePageNavigation" data-provider="getData" finished-at="2021-03-24T14:03:26 EDT" duration-ms="18536" status="PASS">
          <params>
            <param index="0">
              <value>
                <![CDATA[non@restricted.com]]>
              </value>
            </param>
            <param index="1">
              <value>
                <![CDATA[password]]>
              </value>
            </param>
            <param index="2">
              <value>
                <![CDATA[Restricted user]]>
              </value>
            </param>
          </params>
          <reporter-output>
          </reporter-output>
        </test-method> <!-- basePageNavigation -->
        <test-method signature="basePageNavigation(java.lang.String,java.lang.String,java.lang.String)[pri:0, instance:academy.HomePage@3561c410]" started-at="2021-03-24T14:03:26 EDT" name="basePageNavigation" data-provider="getData" finished-at="2021-03-24T14:03:43 EDT" duration-ms="16511" status="PASS">
          <params>
            <param index="0">
              <value>
                <![CDATA[non@rested.com]]>
              </value>
            </param>
            <param index="1">
              <value>
                <![CDATA[pasd]]>
              </value>
            </param>
            <param index="2">
              <value>
                <![CDATA[Non-Restricted user]]>
              </value>
            </param>
          </params>
          <reporter-output>
          </reporter-output>
        </test-method> <!-- basePageNavigation -->
      </class> <!-- academy.HomePage -->
    </test> <!-- Test-1 -->
  </suite> <!-- All Test Suite -->
</testng-results>
